Assembler report for NyuziHPS
Sun Aug 09 08:39:08 2015
Quartus II 64-Bit Version 13.0.1 Build 232 06/12/2013 Service Pack 1 SJ Full Version


---------------------
; Table of Contents ;
---------------------
  1. Legal Notice
  2. Assembler Summary
  3. Assembler Settings
  4. Assembler Encrypted IP Cores Summary
  5. Assembler Generated Files
  6. Assembler Device Options: C:/Users/ThinkPad/Documents/Quartus II/NyuziHPS/output_files/NyuziHPS.sof
  7. Assembler Messages



----------------
; Legal Notice ;
----------------
Copyright (C) 1991-2013 Altera Corporation
Your use of Altera Corporation's design tools, logic functions 
and other software and tools, and its AMPP partner logic 
functions, and any output files from any of the foregoing 
(including device programming or simulation files), and any 
associated documentation or information are expressly subject 
to the terms and conditions of the Altera Program License 
Subscription Agreement, Altera MegaCore Function License 
Agreement, or other applicable license agreement, including, 
without limitation, that your use is for the sole purpose of 
programming logic devices manufactured by Altera and sold by 
Altera or its authorized distributors.  Please refer to the 
applicable agreement for further details.



+---------------------------------------------------------------+
; Assembler Summary                                             ;
+-----------------------+---------------------------------------+
; Assembler Status      ; Successful - Sun Aug 09 08:39:08 2015 ;
; Revision Name         ; NyuziHPS                              ;
; Top-level Entity Name ; fpga_top                              ;
; Family                ; Cyclone V                             ;
; Device                ; 5CSXFC6D6F31C8ES                      ;
+-----------------------+---------------------------------------+


+--------------------------------------------------------------------------------------------------------+
; Assembler Settings                                                                                     ;
+-----------------------------------------------------------------------------+----------+---------------+
; Option                                                                      ; Setting  ; Default Value ;
+-----------------------------------------------------------------------------+----------+---------------+
; Use smart compilation                                                       ; Off      ; Off           ;
; Enable parallel Assembler and TimeQuest Timing Analyzer during compilation  ; On       ; On            ;
; Enable compact report table                                                 ; Off      ; Off           ;
; Generate compressed bitstreams                                              ; On       ; On            ;
; Compression mode                                                            ; Off      ; Off           ;
; Clock source for configuration device                                       ; Internal ; Internal      ;
; Clock frequency of the configuration device                                 ; 10 MHZ   ; 10 MHz        ;
; Divide clock frequency by                                                   ; 1        ; 1             ;
; Auto user code                                                              ; On       ; On            ;
; Configuration device                                                        ; Auto     ; Auto          ;
; Configuration device auto user code                                         ; Off      ; Off           ;
; Generate Tabular Text File (.ttf) For Target Device                         ; Off      ; Off           ;
; Generate Raw Binary File (.rbf) For Target Device                           ; Off      ; Off           ;
; Generate Hexadecimal (Intel-Format) Output File (.hexout) for Target Device ; Off      ; Off           ;
; Hexadecimal Output File start address                                       ; 0        ; 0             ;
; Hexadecimal Output File count direction                                     ; Up       ; Up            ;
; Release clears before tri-states                                            ; Off      ; Off           ;
; Auto-restart configuration after error                                      ; On       ; On            ;
; Enable OCT_DONE                                                             ; Off      ; Off           ;
; Use Checkered Pattern as Uninitialized RAM Content                          ; Off      ; Off           ;
; Generate Serial Vector Format File (.svf) for Target Device                 ; Off      ; Off           ;
; Generate a JEDEC STAPL Format File (.jam) for Target Device                 ; Off      ; Off           ;
; Generate a compressed Jam STAPL Byte Code 2.0 File (.jbc) for Target Device ; Off      ; Off           ;
; Generate a compressed Jam STAPL Byte Code 2.0 File (.jbc) for Target Device ; On       ; On            ;
+-----------------------------------------------------------------------------+----------+---------------+


+------------------------------------------------+
; Assembler Encrypted IP Cores Summary           ;
+--------+------------------------+--------------+
; Vendor ; IP Core Name           ; License Type ;
+--------+------------------------+--------------+
; Altera ; Signal Tap (6AF7 BCE1) ; Licensed     ;
+--------+------------------------+--------------+


+---------------------------------------------------------------------------+
; Assembler Generated Files                                                 ;
+---------------------------------------------------------------------------+
; File Name                                                                 ;
+---------------------------------------------------------------------------+
; C:/Users/ThinkPad/Documents/Quartus II/NyuziHPS/output_files/NyuziHPS.sof ;
+---------------------------------------------------------------------------+


+-----------------------------------------------------------------------------------------------------+
; Assembler Device Options: C:/Users/ThinkPad/Documents/Quartus II/NyuziHPS/output_files/NyuziHPS.sof ;
+----------------+------------------------------------------------------------------------------------+
; Option         ; Setting                                                                            ;
+----------------+------------------------------------------------------------------------------------+
; Device         ; 5CSXFC6D6F31C8ES                                                                   ;
; JTAG usercode  ; 0x0BC3C858                                                                         ;
; Checksum       ; 0x0BC3C858                                                                         ;
+----------------+------------------------------------------------------------------------------------+


+--------------------+
; Assembler Messages ;
+--------------------+
Info: *******************************************************************
Info: Running Quartus II 64-Bit Assembler
    Info: Version 13.0.1 Build 232 06/12/2013 Service Pack 1 SJ Full Version
    Info: Processing started: Sun Aug 09 08:37:58 2015
Info: Command: quartus_asm --read_settings_files=on --write_settings_files=off NyuziHPS -c NyuziHPS
Info (115030): Assembler is generating device programming files
Warning (11713): The configuration of the Hard Processor Subsystem (HPS) within this design has changed.
The Preloader software that initializes the HPS requires an update.
Using hps_isw_handoff/HPS_hps_0/, run the Preloader Support Package Generator to update your Preloader software
Info: Quartus II 64-Bit Assembler was successful. 0 errors, 1 warning
    Info: Peak virtual memory: 1145 megabytes
    Info: Processing ended: Sun Aug 09 08:39:11 2015
    Info: Elapsed time: 00:01:13
    Info: Total CPU time (on all processors): 00:01:07


